<?xml version="1.0" encoding="UTF-8"?>
<!-- Generated by org.testng.reporters.JUnitReportReporter -->
<testsuite skipped="0" hostname="jiaxiongdeMBP.lan" name="SearchKeywordParameter" tests="2" failures="0" timestamp="17 Feb 2019 08:16:43 GMT" time="6.677" errors="0">
  <testcase name="test" time="3.045" classname="SearchKeywordParameter"/>
  <testcase name="test" time="3.632" classname="SearchKeywordParameter"/>
</testsuite> <!-- SearchKeywordParameter -->
